[debug] [2023-02-13T19:49:35.365Z] ----------------------------------------------------------------------
[debug] [2023-02-13T19:49:35.368Z] Command:       C:\Program Files\nodejs\node.exe C:\Users\EXPERT\AppData\Roaming\npm\node_modules\firebase-tools\lib\bin\firebase.js init
[debug] [2023-02-13T19:49:35.368Z] CLI Version:   11.22.0
[debug] [2023-02-13T19:49:35.369Z] Platform:      win32
[debug] [2023-02-13T19:49:35.369Z] Node Version:  v16.16.0
[debug] [2023-02-13T19:49:35.370Z] Time:          Mon Feb 13 2023 20:49:35 GMT+0100 (West Africa Standard Time)
[debug] [2023-02-13T19:49:35.370Z] ----------------------------------------------------------------------
[debug] 
[debug] [2023-02-13T19:49:35.382Z] > command requires scopes: ["email","openid","https://www.googleapis.com/auth/cloudplatformprojects.readonly","https://www.googleapis.com/auth/firebase","https://www.googleapis.com/auth/cloud-platform"]
[debug] [2023-02-13T19:49:35.382Z] > authorizing via signed-in user (bahaberghouti123@gmail.com)
[info] 
     ######## #### ########  ######## ########     ###     ######  ########
     ##        ##  ##     ## ##       ##     ##  ##   ##  ##       ##
     ######    ##  ########  ######   ########  #########  ######  ######
     ##        ##  ##    ##  ##       ##     ## ##     ##       ## ##
     ##       #### ##     ## ######## ########  ##     ##  ######  ########

You're about to initialize a Firebase project in this directory:

  C:\Users\EXPERT\Desktop\Web Dev Prjcts\INETECH x WED\my-app

[info] 
=== Project Setup
[info] 
[info] First, let's associate this project directory with a Firebase project.
[info] You can create multiple project aliases by running firebase use --add, 
[info] but for now we'll just set up a default project.
[info] 
[debug] [2023-02-13T19:49:44.732Z] >>> [apiv2][query] GET https://firebase.googleapis.com/v1beta1/projects pageSize=100
[debug] [2023-02-13T19:49:44.954Z] Failed to make request to https://firebase.googleapis.com/v1beta1/projects?pageSize=100
[debug] [2023-02-13T19:49:45.339Z] FirebaseError: Failed to make request to https://firebase.googleapis.com/v1beta1/projects?pageSize=100
    at RetryOperation._fn (C:\Users\EXPERT\AppData\Roaming\npm\node_modules\firebase-tools\lib\apiv2.js:242:31)
    at processTicksAndRejections (node:internal/process/task_queues:96:5)
[error] 
[error] Error: Failed to list Firebase projects. See firebase-debug.log for more info.
